ERROR - 2024-01-06 22:52:12 --> Error connecting to the database: Unknown database 'cafein'
CRITICAL - 2024-01-06 22:52:12 --> Unable to connect to the database.
Main connection [MySQLi]: Unknown database 'cafein'
#0 C:\xampp\htdocs\rmsulawesi\system\Database\BaseConnection.php(577): CodeIgniter\Database\BaseConnection->initialize()
#1 C:\xampp\htdocs\rmsulawesi\system\Database\BaseBuilder.php(1443): CodeIgniter\Database\BaseConnection->query('SELECT *\nFROM `...', Array, false)
#2 C:\xampp\htdocs\rmsulawesi\system\Model.php(183): CodeIgniter\Database\BaseBuilder->get()
#3 C:\xampp\htdocs\rmsulawesi\system\BaseModel.php(584): CodeIgniter\Model->doFindAll(0, 0)
#4 C:\xampp\htdocs\rmsulawesi\app\Controllers\Dashboard.php(24): CodeIgniter\BaseModel->findAll()
#5 C:\xampp\htdocs\rmsulawesi\system\CodeIgniter.php(824): App\Controllers\Dashboard->index()
#6 C:\xampp\htdocs\rmsulawesi\system\CodeIgniter.php(410): CodeIgniter\CodeIgniter->runController(Object(App\Controllers\Dashboard))
#7 C:\xampp\htdocs\rmsulawesi\system\CodeIgniter.php(318): CodeIgniter\CodeIgniter->handleRequest(NULL, Object(Config\Cache), false)
#8 C:\xampp\htdocs\rmsulawesi\index.php(37): CodeIgniter\CodeIgniter->run()
#9 {main}
CRITICAL - 2024-01-06 23:14:24 --> Undefined variable $totalTime
#0 C:\xampp\htdocs\rmsulawesi\system\Debug\Toolbar\Views\toolbar.tpl.php(40): CodeIgniter\Debug\Exceptions->errorHandler(2, 'Undefined varia...', 'C:\\xampp\\htdocs...', 40)
#1 C:\xampp\htdocs\rmsulawesi\system\Debug\Toolbar.php(497): include('C:\\xampp\\htdocs...')
#2 C:\xampp\htdocs\rmsulawesi\system\Debug\Toolbar.php(460): CodeIgniter\Debug\Toolbar->format(Array, 'html')
#3 C:\xampp\htdocs\rmsulawesi\app\Config\Events.php(48): CodeIgniter\Debug\Toolbar->respond()
#4 C:\xampp\htdocs\rmsulawesi\system\Events\Events.php(149): CodeIgniter\Events\Events::Config\{closure}()
#5 C:\xampp\htdocs\rmsulawesi\system\CodeIgniter.php(300): CodeIgniter\Events\Events::trigger('pre_system')
#6 C:\xampp\htdocs\rmsulawesi\index.php(37): CodeIgniter\CodeIgniter->run()
#7 {main}
CRITICAL - 2024-01-06 23:18:01 --> Undefined variable $totalTime
#0 C:\xampp\htdocs\rmsulawesi\system\Debug\Toolbar\Views\toolbar.tpl.php(40): CodeIgniter\Debug\Exceptions->errorHandler(2, 'Undefined varia...', 'C:\\xampp\\htdocs...', 40)
#1 C:\xampp\htdocs\rmsulawesi\system\Debug\Toolbar.php(497): include('C:\\xampp\\htdocs...')
#2 C:\xampp\htdocs\rmsulawesi\system\Debug\Toolbar.php(460): CodeIgniter\Debug\Toolbar->format(Array, 'html')
#3 C:\xampp\htdocs\rmsulawesi\app\Config\Events.php(48): CodeIgniter\Debug\Toolbar->respond()
#4 C:\xampp\htdocs\rmsulawesi\system\Events\Events.php(149): CodeIgniter\Events\Events::Config\{closure}()
#5 C:\xampp\htdocs\rmsulawesi\system\CodeIgniter.php(300): CodeIgniter\Events\Events::trigger('pre_system')
#6 C:\xampp\htdocs\rmsulawesi\index.php(37): CodeIgniter\CodeIgniter->run()
#7 {main}
CRITICAL - 2024-01-06 23:23:08 --> Undefined variable $totalTime
#0 C:\xampp\htdocs\rmsulawesi\system\Debug\Toolbar\Views\toolbar.tpl.php(40): CodeIgniter\Debug\Exceptions->errorHandler(2, 'Undefined varia...', 'C:\\xampp\\htdocs...', 40)
#1 C:\xampp\htdocs\rmsulawesi\system\Debug\Toolbar.php(497): include('C:\\xampp\\htdocs...')
#2 C:\xampp\htdocs\rmsulawesi\system\Debug\Toolbar.php(460): CodeIgniter\Debug\Toolbar->format(Array, 'html')
#3 C:\xampp\htdocs\rmsulawesi\app\Config\Events.php(48): CodeIgniter\Debug\Toolbar->respond()
#4 C:\xampp\htdocs\rmsulawesi\system\Events\Events.php(149): CodeIgniter\Events\Events::Config\{closure}()
#5 C:\xampp\htdocs\rmsulawesi\system\CodeIgniter.php(300): CodeIgniter\Events\Events::trigger('pre_system')
#6 C:\xampp\htdocs\rmsulawesi\index.php(37): CodeIgniter\CodeIgniter->run()
#7 {main}
